Build started 11/14/2015 11:19:49 PM.
     1>Project "C:\Users\Abhishek\Documents\Visual Studio 2013\Projects\AssignmentFourFinal\AssignmentFourFinal\AssignmentFourFinal.vcxproj" on node 2 (Build target(s)).
     1>ClCompile:
         C:\Program Files (x86)\Microsoft Visual Studio 12.0\VC\bin\CL.exe /c /ZI /nologo /W3 /WX- /sdl /Od /Oy- /D WIN32 /D _DEBUG /D _CONSOLE /D _LIB /D _UNICODE /D UNICODE /Gm /EHsc /RTC1 /MDd /GS /fp:precise /Zc:wchar_t /Zc:forScope /Fo"Debug\\" /Fd"Debug\vc120.pdb" /Gd /TP /analyze- /errorReport:prompt AssignmentFour.cpp
         AssignmentFour.cpp
     1>c:\users\abhishek\documents\visual studio 2013\projects\assignmentfourfinal\assignmentfourfinal\assignmentfour.cpp(52): warning C4018: '<' : signed/unsigned mismatch
     1>c:\users\abhishek\documents\visual studio 2013\projects\assignmentfourfinal\assignmentfourfinal\assignmentfour.cpp(61): warning C4018: '>' : signed/unsigned mismatch
     1>c:\users\abhishek\documents\visual studio 2013\projects\assignmentfourfinal\assignmentfourfinal\assignmentfour.cpp(66): warning C4018: '<' : signed/unsigned mismatch
     1>c:\users\abhishek\documents\visual studio 2013\projects\assignmentfourfinal\assignmentfourfinal\assignmentfour.cpp(79): warning C4018: '<' : signed/unsigned mismatch
     1>c:\users\abhishek\documents\visual studio 2013\projects\assignmentfourfinal\assignmentfourfinal\assignmentfour.cpp(89): warning C4018: '<' : signed/unsigned mismatch
     1>c:\users\abhishek\documents\visual studio 2013\projects\assignmentfourfinal\assignmentfourfinal\assignmentfour.cpp(99): warning C4018: '<' : signed/unsigned mismatch
     1>c:\users\abhishek\documents\visual studio 2013\projects\assignmentfourfinal\assignmentfourfinal\assignmentfour.cpp(140): warning C4018: '<' : signed/unsigned mismatch
     1>c:\users\abhishek\documents\visual studio 2013\projects\assignmentfourfinal\assignmentfourfinal\assignmentfour.cpp(164): warning C4018: '<' : signed/unsigned mismatch
     1>c:\users\abhishek\documents\visual studio 2013\projects\assignmentfourfinal\assignmentfourfinal\assignmentfour.cpp(192): warning C4018: '<' : signed/unsigned mismatch
       Link:
         C:\Program Files (x86)\Microsoft Visual Studio 12.0\VC\bin\link.exe /ERRORREPORT:PROMPT /OUT:"C:\Users\Abhishek\Documents\Visual Studio 2013\Projects\AssignmentFourFinal\Debug\AssignmentFourFinal.exe" /INCREMENTAL /NOLOGO kernel32.lib user32.lib gdi32.lib winspool.lib comdlg32.lib advapi32.lib shell32.lib ole32.lib oleaut32.lib uuid.lib odbc32.lib odbccp32.lib /MANIFEST /MANIFESTUAC:"level='asInvoker' uiAccess='false'" /manifest:embed /DEBUG /PDB:"C:\Users\Abhishek\Documents\Visual Studio 2013\Projects\AssignmentFourFinal\Debug\AssignmentFourFinal.pdb" /SUBSYSTEM:CONSOLE /TLBID:1 /DYNAMICBASE /NXCOMPAT /IMPLIB:"C:\Users\Abhishek\Documents\Visual Studio 2013\Projects\AssignmentFourFinal\Debug\AssignmentFourFinal.lib" /MACHINE:X86 Debug\AssignmentFour.obj
         AssignmentFourFinal.vcxproj -> C:\Users\Abhishek\Documents\Visual Studio 2013\Projects\AssignmentFourFinal\Debug\AssignmentFourFinal.exe
     1>Done Building Project "C:\Users\Abhishek\Documents\Visual Studio 2013\Projects\AssignmentFourFinal\AssignmentFourFinal\AssignmentFourFinal.vcxproj" (Build target(s)).

Build succeeded.

Time Elapsed 00:00:10.07
